
UsersController
  GET #edit
    ログインユーザーの場合
[32m      レスポンスが成功すること[0m
[32m      @userが正しく設定されていること[0m

Bookモデルのテスト
  バリデーションのテスト
    titleカラム
[32m      空欄でないこと[0m
    bodyカラム
[32m      空欄でないこと[0m
[32m      200文字以下であること: 200文字は〇[0m
[32m      200文字以下であること: 201文字は×[0m
  アソシエーションのテスト
    Userモデルとの関係
[32m      N:1となっている[0m

Userモデルのテスト
  バリデーションのテスト
    nameカラム
[32m      空欄でないこと[0m
[32m      2文字以上であること: 1文字は×[0m
[32m      2文字以上であること: 2文字は〇[0m
[32m      20文字以下であること: 20文字は〇[0m
[32m      20文字以下であること: 21文字は×[0m
[32m      一意性があること[0m
    introductionカラム
[32m      50文字以下であること: 50文字は〇[0m
[32m      50文字以下であること: 51文字は×[0m
  アソシエーションのテスト
    Bookモデルとの関係
[32m      1:Nとなっている[0m

[STEP1] ユーザログイン前のテスト
  トップ画面のテスト
    表示内容の確認
[32m      URLが正しい[0m
[32m      Log inリンクが表示される: 青色のボタンの表示が「Log in」である[0m
[32m      Log inリンクの内容が正しい[0m
[32m      Sign upリンクが表示される: 緑色のボタンの表示が「Sign up」である[0m
[32m      Sign upリンクの内容が正しい[0m
  アバウト画面のテスト
    表示内容の確認
[31m      URLが正しい (FAILED - 1)[0m
  ヘッダーのテスト: ログインしていない場合
    表示内容の確認
[32m      Bookersリンクが表示される: 左上から1番目のリンクが「Bookers」である[0m
[32m      Homeリンクが表示される: 左上から2番目のリンクが「Home」である[0m
[32m      Aboutリンクが表示される: 左上から3番目のリンクが「About」である[0m
[32m      Sign upリンクが表示される: 左上から4番目のリンクが「Sign up」である[0m
[32m      Log inリンクが表示される: 左上から5番目のリンクが「Log in」である[0m
    リンクの内容を確認
[32m      Bookersを押すと、トップ画面に遷移する[0m
[31m      Homeを押すと、トップ画面に遷移する (FAILED - 2)[0m
[31m      Aboutを押すと、アバウト画面に遷移する (FAILED - 3)[0m
[32m      Sign upを押すと、新規登録画面に遷移する[0m
[32m      Log inを押すと、ログイン画面に遷移する[0m
  ユーザ新規登録のテスト
    表示内容の確認
[32m      URLが正しい[0m
[32m      「Sign up」と表示される[0m
[32m      nameフォームが表示される[0m
[32m      emailフォームが表示される[0m
[32m      passwordフォームが表示される[0m
[32m      password_confirmationフォームが表示される[0m
[32m      Sign upボタンが表示される[0m
    新規登録成功のテスト
[31m      正しく新規登録される (FAILED - 4)[0m
[31m      新規登録後のリダイレクト先が、新規登録できたユーザの詳細画面になっている (FAILED - 5)[0m
  ユーザログイン
    表示内容の確認
[32m      URLが正しい[0m
[32m      「Log in」と表示される[0m
[32m      nameフォームが表示される[0m
[32m      passwordフォームが表示される[0m
[32m      Log inボタンが表示される[0m
[32m      emailフォームは表示されない[0m
    ログイン成功のテスト
[31m      ログイン後のリダイレクト先が、ログインしたユーザの詳細画面になっている (FAILED - 6)[0m
    ログイン失敗のテスト
[32m      ログインに失敗し、ログイン画面にリダイレクトされる[0m
  ヘッダーのテスト: ログインしている場合
    ヘッダーの表示を確認
[32m      Bookersリンクが表示される: 左上から1番目のリンクが「Bookers」である[0m
[32m      Homeリンクが表示される: 左上から2番目のリンクが「Home」である[0m
[32m      Usersリンクが表示される: 左上から3番目のリンクが「Users」である[0m
[32m      Booksリンクが表示される: 左上から4番目のリンクが「Books」である[0m
[32m      Log outリンクが表示される: 左上から5番目のリンクが「Log out」である[0m
  ユーザログアウトのテスト
    ログアウト機能のテスト
[31m      正しくログアウトできている: ログアウト後のリダイレクト先においてAbout画面へのリンクが存在する (FAILED - 7)[0m
[32m      ログアウト後のリダイレクト先が、トップになっている[0m

[STEP2] ユーザログイン後のテスト
  ヘッダーのテスト: ログインしている場合
    リンクの内容を確認: ※logoutは『ユーザログアウトのテスト』でテスト済みになります。
[32m      Homeを押すと、自分のユーザ詳細画面に遷移する[0m
[32m      Usersを押すと、ユーザ一覧画面に遷移する[0m
[32m      Booksを押すと、投稿一覧画面に遷移する[0m
  投稿一覧画面のテスト
    表示内容の確認
[32m      URLが正しい[0m
[31m      自分と他人の画像のリンク先が正しい (FAILED - 8)[0m
[32m      自分の投稿と他人の投稿のタイトルのリンク先がそれぞれ正しい[0m
[32m      自分の投稿と他人の投稿のオピニオンが表示される[0m
    サイドバーの確認
[32m      自分の名前と紹介文が表示される[0m
[32m      自分のユーザ編集画面へのリンクが存在する[0m
[32m      「New book」と表示される[0m
[32m      titleフォームが表示される[0m
[32m      titleフォームに値が入っていない[0m
[32m      bodyフォームが表示される[0m
[32m      bodyフォームに値が入っていない[0m
[32m      Create Bookボタンが表示される[0m
    投稿成功のテスト
[32m      自分の新しい投稿が正しく保存される[0m
[32m      リダイレクト先が、保存できた投稿の詳細画面になっている[0m
  自分の投稿詳細画面のテスト
    表示内容の確認
[32m      URLが正しい[0m
[32m      「Book detail」と表示される[0m
[32m      ユーザ画像・名前のリンク先が正しい[0m
[32m      投稿のtitleが表示される[0m
[32m      投稿のbodyが表示される[0m
[32m      投稿の編集リンクが表示される[0m
[32m      投稿の削除リンクが表示される[0m
    サイドバーの確認
[32m      自分の名前と紹介文が表示される[0m
[31m      自分のユーザ編集画面へのリンクが存在する (FAILED - 9)[0m
[32m      「New book」と表示される[0m
[32m      titleフォームが表示される[0m
[32m      titleフォームに値が入っていない[0m
[32m      bodyフォームが表示される[0m
[32m      bodyフォームに値が入っていない[0m
[32m      Create Bookボタンが表示される[0m
    投稿成功のテスト
[31m      自分の新しい投稿が正しく保存される (FAILED - 10)[0m
    編集リンクのテスト
[32m      編集画面に遷移する[0m
    削除リンクのテスト
[32m      application.html.erbにjavascript_pack_tagを含んでいる[0m
[32m      正しく削除される[0m
[32m      リダイレクト先が、投稿一覧画面になっている[0m
  自分の投稿編集画面のテスト
    表示の確認
[32m      URLが正しい[0m
[31m      「Editing Book」と表示される (FAILED - 11)[0m
[32m      title編集フォームが表示される[0m
[32m      body編集フォームが表示される[0m
[32m      Update Bookボタンが表示される[0m
[32m      Showリンクが表示される[0m
[32m      Backリンクが表示される[0m
    編集成功のテスト
[32m      titleが正しく更新される[0m
[32m      bodyが正しく更新される[0m
[32m      リダイレクト先が、更新した投稿の詳細画面になっている[0m
  ユーザ一覧画面のテスト
    表示内容の確認
[32m      URLが正しい[0m
[32m      自分と他人の画像が表示される: fallbackの画像がサイドバーの1つ＋一覧(2人)の2つの計3つ存在する[0m
[32m      自分と他人の名前がそれぞれ表示される[0m
[32m      自分と他人のshowリンクがそれぞれ表示される[0m
    サイドバーの確認
[32m      自分の名前と紹介文が表示される[0m
[32m      自分のユーザ編集画面へのリンクが存在する[0m
[32m      「New book」と表示される[0m
[32m      titleフォームが表示される[0m
[32m      titleフォームに値が入っていない[0m
[32m      bodyフォームが表示される[0m
[32m      bodyフォームに値が入っていない[0m
[32m      Create Bookボタンが表示される[0m
  自分のユーザ詳細画面のテスト
    表示の確認
[32m      URLが正しい[0m
[32m      投稿一覧のユーザ画像のリンク先が正しい[0m
[32m      投稿一覧に自分の投稿のtitleが表示され、リンクが正しい[0m
[32m      投稿一覧に自分の投稿のbodyが表示される[0m
[32m      他人の投稿は表示されない[0m
    サイドバーの確認
[32m      自分の名前と紹介文が表示される[0m
[32m      自分のユーザ編集画面へのリンクが存在する[0m
[32m      「New book」と表示される[0m
[32m      titleフォームが表示される[0m
[32m      titleフォームに値が入っていない[0m
[32m      bodyフォームが表示される[0m
[32m      bodyフォームに値が入っていない[0m
[32m      Create Bookボタンが表示される[0m
  自分のユーザ情報編集画面のテスト
    表示の確認
[32m      URLが正しい[0m
[32m      名前編集フォームに自分の名前が表示される[0m
[32m      画像編集フォームが表示される[0m
[32m      自己紹介編集フォームに自分の自己紹介文が表示される[0m
[32m      Update Userボタンが表示される[0m
    更新成功のテスト
[32m      nameが正しく更新される[0m
[32m      introductionが正しく更新される[0m
[32m      リダイレクト先が、自分のユーザ詳細画面になっている[0m

[STEP3] 仕上げのテスト
  サクセスメッセージのテスト
[31m    ユーザ新規登録成功時 (FAILED - 12)[0m
[32m    ユーザログイン成功時[0m
[32m    ユーザログアウト成功時[0m
[32m    ユーザのプロフィール情報更新成功時[0m
[32m    投稿データの新規投稿成功時: 投稿一覧画面から行います。[0m
[32m    投稿データの更新成功時[0m
  処理失敗時のテスト
    ユーザ新規登録失敗: nameを1文字にする
[32m      新規登録されない[0m
[31m      新規登録画面を表示しており、フォームの内容が正しい (FAILED - 13)[0m
[32m      バリデーションエラーが表示される[0m
    ユーザのプロフィール情報編集失敗: nameを1文字にする
[32m      更新されない[0m
[32m      ユーザ編集画面を表示しており、フォームの内容が正しい[0m
[32m      バリデーションエラーが表示される[0m
    投稿データの新規投稿失敗: 投稿一覧画面から行い、titleを空にする
[32m      投稿が保存されない[0m
[32m      投稿一覧画面を表示している[0m
[32m      新規投稿フォームの内容が正しい[0m
[32m      バリデーションエラーが表示される[0m
    投稿データの更新失敗: titleを空にする
[32m      投稿が更新されない[0m
[32m      投稿編集画面を表示しており、フォームの内容が正しい[0m
[31m      エラーメッセージが表示される (FAILED - 14)[0m
  ログインしていない場合のアクセス制限のテスト: アクセスできず、ログイン画面に遷移する
[31m    ユーザ一覧画面 (FAILED - 15)[0m
[31m    ユーザ詳細画面 (FAILED - 16)[0m
[31m    ユーザ情報編集画面 (FAILED - 17)[0m
[31m    投稿一覧画面 (FAILED - 18)[0m
[31m    投稿詳細画面 (FAILED - 19)[0m
[31m    投稿編集画面 (FAILED - 20)[0m
  他人の画面のテスト
    他人の投稿詳細画面のテスト
      表示内容の確認
[32m        URLが正しい[0m
[32m        「Book detail」と表示される[0m
[32m        ユーザ画像・名前のリンク先が正しい[0m
[32m        投稿のtitleが表示される[0m
[32m        投稿のopinionが表示される[0m
[32m        投稿の編集リンクが表示されない[0m
[32m        投稿の削除リンクが表示されない[0m
      サイドバーの確認
[32m        他人の名前と紹介文が表示される[0m
[31m        他人のユーザ編集画面へのリンクが存在する (FAILED - 21)[0m
[32m        自分の名前と紹介文は表示されない[0m
[32m        自分のユーザ編集画面へのリンクは存在しない[0m
    他人の投稿編集画面
[31m      遷移できず、投稿一覧画面にリダイレクトされる (FAILED - 22)[0m
    他人のユーザ詳細画面のテスト
      表示の確認
[32m        URLが正しい[0m
[31m        投稿一覧のユーザ画像のリンク先が正しい (FAILED - 23)[0m
[32m        投稿一覧に他人の投稿のtitleが表示され、リンクが正しい[0m
[32m        投稿一覧に他人の投稿のopinionが表示される[0m
[32m        自分の投稿は表示されない[0m
      サイドバーの確認
[32m        他人の名前と紹介文が表示される[0m
[32m        他人のユーザ編集画面へのリンクが存在する[0m
[32m        自分の名前と紹介文は表示されない[0m
[32m        自分のユーザ編集画面へのリンクは存在しない[0m
    他人のユーザ情報編集画面
[31m      遷移できず、自分のユーザ詳細画面にリダイレクトされる (FAILED - 24)[0m
  グリッドシステムのテスト: container, row, col-md-〇を正しく使えている
[31m    ユーザ一覧画面 (FAILED - 25)[0m
[31m    ユーザ詳細画面 (FAILED - 26)[0m
[31m    投稿一覧画面 (FAILED - 27)[0m
[31m    投稿詳細画面 (FAILED - 28)[0m
  アイコンのテスト
    トップ画面
[32m      本のアイコンが表示される[0m
    アバウト画面
[31m      本のアイコンが表示される (FAILED - 29)[0m
    ヘッダー: ログインしていない場合
[32m      Homeリンクのアイコンが表示される[0m
[32m      Aboutリンクのアイコンが表示される[0m
[32m      Sign upリンクのアイコンが表示される[0m
[32m      Log inリンクのアイコンが表示される[0m
    ヘッダー: ログインしている場合
[32m      Homeリンクのアイコンが表示される[0m
[32m      Usersリンクのアイコンが表示される[0m
[32m      Booksリンクのアイコンが表示される[0m
[32m      Log outリンクのアイコンが表示される[0m
    サイドバー
[32m      ユーザ一覧画面でレンチアイコンが表示される[0m
[32m      ユーザ詳細画面でレンチアイコンが表示される[0m
[32m      投稿一覧画面でレンチアイコンが表示される[0m
[31m      投稿詳細画面でレンチアイコンが表示される (FAILED - 30)[0m

Failures:

  1) [STEP1] ユーザログイン前のテスト アバウト画面のテスト 表示内容の確認 URLが正しい
     [31mFailure/Error: visit '/home/about'[0m
     [31m[0m
     [31mActionController::RoutingError:[0m
     [31m  No route matches [GET] "/home/about"[0m
     [36m# ./spec/system/01_before_login_spec.rb:34:in `block (3 levels) in <main>'[0m

  2) [STEP1] ユーザログイン前のテスト ヘッダーのテスト: ログインしていない場合 リンクの内容を確認 Homeを押すと、トップ画面に遷移する
     [31mFailure/Error: is_expected.to eq '/'[0m
     [31m[0m
     [31m  expected: "/"[0m
     [31m       got: "/homes/top"[0m
     [31m[0m
     [31m  (compared using ==)[0m
     [36m# ./spec/system/01_before_login_spec.rb:87:in `block (4 levels) in <main>'[0m

  3) [STEP1] ユーザログイン前のテスト ヘッダーのテスト: ログインしていない場合 リンクの内容を確認 Aboutを押すと、アバウト画面に遷移する
     [31mFailure/Error: is_expected.to eq '/home/about'[0m
     [31m[0m
     [31m  expected: "/home/about"[0m
     [31m       got: "/homes/about"[0m
     [31m[0m
     [31m  (compared using ==)[0m
     [36m# ./spec/system/01_before_login_spec.rb:93:in `block (4 levels) in <main>'[0m

  4) [STEP1] ユーザログイン前のテスト ユーザ新規登録のテスト 新規登録成功のテスト 正しく新規登録される
     [31mFailure/Error: expect { click_button 'Sign up' }.to change(User.all, :count).by(1)[0m
     [31m  expected `User::ActiveRecord_Relation#count` to have changed by 1, but was changed by 0[0m
     [36m# ./spec/system/01_before_login_spec.rb:148:in `block (4 levels) in <main>'[0m

  5) [STEP1] ユーザログイン前のテスト ユーザ新規登録のテスト 新規登録成功のテスト 新規登録後のリダイレクト先が、新規登録できたユーザの詳細画面になっている
     [31mFailure/Error: expect(current_path).to eq '/users/' + User.last.id.to_s[0m
     [31m[0m
     [31mNoMethodError:[0m
     [31m  undefined method `id' for nil:NilClass[0m
     [31m[0m
     [31m          expect(current_path).to eq '/users/' + User.last.id.to_s[0m
     [31m                                                          ^^^[0m
     [36m# ./spec/system/01_before_login_spec.rb:152:in `block (4 levels) in <main>'[0m

  6) [STEP1] ユーザログイン前のテスト ユーザログイン ログイン成功のテスト ログイン後のリダイレクト先が、ログインしたユーザの詳細画面になっている
     [31mFailure/Error: expect(current_path).to eq '/users/' + user.id.to_s[0m
     [31m[0m
     [31m  expected: "/users/1"[0m
     [31m       got: "/books"[0m
     [31m[0m
     [31m  (compared using ==)[0m
     [36m# ./spec/system/01_before_login_spec.rb:193:in `block (4 levels) in <main>'[0m

  7) [STEP1] ユーザログイン前のテスト ユーザログアウトのテスト ログアウト機能のテスト 正しくログアウトできている: ログアウト後のリダイレクト先においてAbout画面へのリンクが存在する
     [31mFailure/Error: expect(page).to have_link '', href: '/home/about'[0m
     [31m  expected to find link "" with href "/home/about" but there were no matches[0m
     [36m# ./spec/system/01_before_login_spec.rb:259:in `block (4 levels) in <main>'[0m

  8) [STEP2] ユーザログイン後のテスト 投稿一覧画面のテスト 表示内容の確認 自分と他人の画像のリンク先が正しい
     [31mFailure/Error: expect(page).to have_link '', href: user_path(other_book.user)[0m
     [31m  expected to find link "" with href "/users/2" but there were no matches[0m
     [36m# ./spec/system/02_after_login_spec.rb:52:in `block (4 levels) in <main>'[0m

  9) [STEP2] ユーザログイン後のテスト 自分の投稿詳細画面のテスト サイドバーの確認 自分のユーザ編集画面へのリンクが存在する
     [31mFailure/Error: expect(page).to have_link '', href: edit_user_path(user)[0m
     [31m  expected to find link "" with href "/users/1/edit" but there were no matches[0m
     [36m# ./spec/system/02_after_login_spec.rb:143:in `block (4 levels) in <main>'[0m

  10) [STEP2] ユーザログイン後のテスト 自分の投稿詳細画面のテスト 投稿成功のテスト 自分の新しい投稿が正しく保存される
      [31mFailure/Error: expect { click_button 'Create Book' }.to change(user.books, :count).by(1)[0m
      [31m  expected `Book::ActiveRecord_Associations_CollectionProxy#count` to have changed by 1, but was changed by 0[0m
      [36m# ./spec/system/02_after_login_spec.rb:172:in `block (4 levels) in <main>'[0m

  11) [STEP2] ユーザログイン後のテスト 自分の投稿編集画面のテスト 表示の確認 「Editing Book」と表示される
      [31mFailure/Error: expect(page).to have_content 'Editing Book'[0m
      [31m  expected to find text "Editing Book" in "Bookers\nHome Users Books Log out\nEdit Book\nTitle\nOpinion x5hoq0mlv28t6h9yhqa4\nShow | Back\nCopyRight Infratop.inc"[0m
      [36m# ./spec/system/02_after_login_spec.rb:222:in `block (4 levels) in <main>'[0m

  12) [STEP3] 仕上げのテスト サクセスメッセージのテスト ユーザ新規登録成功時
      [31mFailure/Error: is_expected.to have_content 'successfully'[0m
      [31m  expected to find text "successfully" in "Bookers\nHome About Sign up Log in\nSign up\n1 error prohibited this user from being saved:\nEmail can't be blank\nName\nEmail\nPassword (6 characters minimum)\nPassword confirmation\nLog in\nCopyRight Infratop.inc"[0m
      [36m# ./spec/system/03_finishing_touches_spec.rb:19:in `block (3 levels) in <main>'[0m

  13) [STEP3] 仕上げのテスト 処理失敗時のテスト ユーザ新規登録失敗: nameを1文字にする 新規登録画面を表示しており、フォームの内容が正しい
      [31mFailure/Error: expect(page).to have_field 'user[email]', with: @email[0m
      [31m  expected to find visible field "user[email]" that is not disabled with value "aloriann_hilpert@ohara.example" but there were no matches. Also found "", which matched the selector but not all filters. Expected value to be "aloriann_hilpert@ohara.example" but was ""[0m
      [36m# ./spec/system/03_finishing_touches_spec.rb:88:in `block (4 levels) in <main>'[0m

  14) [STEP3] 仕上げのテスト 処理失敗時のテスト 投稿データの更新失敗: titleを空にする エラーメッセージが表示される
      [31mFailure/Error: expect(page).to have_content 'error'[0m
      [31m  expected to find text "error" in "Bookers\nHome Users Books Log out\nEdit Book\nTitle\nOpinion piiq041i3ilufgo1b7a5\nShow | Back\nCopyRight Infratop.inc"[0m
      [36m# ./spec/system/03_finishing_touches_spec.rb:171:in `block (4 levels) in <main>'[0m

  15) [STEP3] 仕上げのテスト ログインしていない場合のアクセス制限のテスト: アクセスできず、ログイン画面に遷移する ユーザ一覧画面
      [31mFailure/Error: is_expected.to eq '/users/sign_in'[0m
      [31m[0m
      [31m  expected: "/users/sign_in"[0m
      [31m       got: "/users"[0m
      [31m[0m
      [31m  (compared using ==)[0m
      [36m# ./spec/system/03_finishing_touches_spec.rb:181:in `block (3 levels) in <main>'[0m

  16) [STEP3] 仕上げのテスト ログインしていない場合のアクセス制限のテスト: アクセスできず、ログイン画面に遷移する ユーザ詳細画面
      [31mFailure/Error: is_expected.to eq '/users/sign_in'[0m
      [31m[0m
      [31m  expected: "/users/sign_in"[0m
      [31m       got: "/users/1"[0m
      [31m[0m
      [31m  (compared using ==)[0m
      [36m# ./spec/system/03_finishing_touches_spec.rb:185:in `block (3 levels) in <main>'[0m

  17) [STEP3] 仕上げのテスト ログインしていない場合のアクセス制限のテスト: アクセスできず、ログイン画面に遷移する ユーザ情報編集画面
      [31mFailure/Error: <% if current_user.errors.any? %>[0m
      [31m[0m
      [31mActionView::Template::Error:[0m
      [31m  undefined method `errors' for nil:NilClass[0m
      [36m# ./app/views/users/edit.html.erb:5:in `_app_views_users_edit_html_erb__3511091728342302987_19040'[0m
      [36m# ./spec/system/03_finishing_touches_spec.rb:188:in `block (3 levels) in <main>'[0m
      [36m# ------------------[0m
      [36m# --- Caused by: ---[0m
      [36m# NoMethodError:[0m
      [36m#   undefined method `errors' for nil:NilClass[0m
      [36m#   ./app/views/users/edit.html.erb:5:in `_app_views_users_edit_html_erb__3511091728342302987_19040'[0m

  18) [STEP3] 仕上げのテスト ログインしていない場合のアクセス制限のテスト: アクセスできず、ログイン画面に遷移する 投稿一覧画面
      [31mFailure/Error: is_expected.to eq '/users/sign_in'[0m
      [31m[0m
      [31m  expected: "/users/sign_in"[0m
      [31m       got: "/books"[0m
      [31m[0m
      [31m  (compared using ==)[0m
      [36m# ./spec/system/03_finishing_touches_spec.rb:193:in `block (3 levels) in <main>'[0m

  19) [STEP3] 仕上げのテスト ログインしていない場合のアクセス制限のテスト: アクセスできず、ログイン画面に遷移する 投稿詳細画面
      [31mFailure/Error: is_expected.to eq '/users/sign_in'[0m
      [31m[0m
      [31m  expected: "/users/sign_in"[0m
      [31m       got: "/books/1"[0m
      [31m[0m
      [31m  (compared using ==)[0m
      [36m# ./spec/system/03_finishing_touches_spec.rb:197:in `block (3 levels) in <main>'[0m

  20) [STEP3] 仕上げのテスト ログインしていない場合のアクセス制限のテスト: アクセスできず、ログイン画面に遷移する 投稿編集画面
      [31mFailure/Error: is_expected.to eq '/users/sign_in'[0m
      [31m[0m
      [31m  expected: "/users/sign_in"[0m
      [31m       got: "/books/1/edit"[0m
      [31m[0m
      [31m  (compared using ==)[0m
      [36m# ./spec/system/03_finishing_touches_spec.rb:201:in `block (3 levels) in <main>'[0m

  21) [STEP3] 仕上げのテスト 他人の画面のテスト 他人の投稿詳細画面のテスト サイドバーの確認 他人のユーザ編集画面へのリンクが存在する
      [31mFailure/Error: expect(page).to have_link '', href: edit_user_path(other_user)[0m
      [31m  expected to find link "" with href "/users/2/edit" but there were no matches[0m
      [36m# ./spec/system/03_finishing_touches_spec.rb:248:in `block (5 levels) in <main>'[0m

  22) [STEP3] 仕上げのテスト 他人の画面のテスト 他人の投稿編集画面 遷移できず、投稿一覧画面にリダイレクトされる
      [31mFailure/Error: expect(current_path).to eq '/books'[0m
      [31m[0m
      [31m  expected: "/books"[0m
      [31m       got: "/books/3/edit"[0m
      [31m[0m
      [31m  (compared using ==)[0m
      [36m# ./spec/system/03_finishing_touches_spec.rb:269:in `block (4 levels) in <main>'[0m

  23) [STEP3] 仕上げのテスト 他人の画面のテスト 他人のユーザ詳細画面のテスト 表示の確認 投稿一覧のユーザ画像のリンク先が正しい
      [31mFailure/Error: expect(page).to have_link '', href: user_path(other_user)[0m
      [31m  expected to find link "" with href "/users/2" but there were no matches[0m
      [36m# ./spec/system/03_finishing_touches_spec.rb:283:in `block (5 levels) in <main>'[0m

  24) [STEP3] 仕上げのテスト 他人の画面のテスト 他人のユーザ情報編集画面 遷移できず、自分のユーザ詳細画面にリダイレクトされる
      [31mFailure/Error: expect(current_path).to eq '/users/' + user.id.to_s[0m
      [31m[0m
      [31m  expected: "/users/1"[0m
      [31m       got: "/users/2/edit"[0m
      [31m[0m
      [31m  (compared using ==)[0m
      [36m# ./spec/system/03_finishing_touches_spec.rb:318:in `block (4 levels) in <main>'[0m

  25) [STEP3] 仕上げのテスト グリッドシステムのテスト: container, row, col-md-〇を正しく使えている ユーザ一覧画面
      [31mFailure/Error: is_expected.to have_selector '.container .row .col-md-8.offset-md-1'[0m
      [31m  expected to find css ".container .row .col-md-8.offset-md-1" but there were no matches[0m
      [36m# ./spec/system/03_finishing_touches_spec.rb:336:in `block (3 levels) in <main>'[0m

  26) [STEP3] 仕上げのテスト グリッドシステムのテスト: container, row, col-md-〇を正しく使えている ユーザ詳細画面
      [31mFailure/Error: is_expected.to have_selector '.container .row .col-md-8.offset-md-1'[0m
      [31m  expected to find css ".container .row .col-md-8.offset-md-1" but there were no matches[0m
      [36m# ./spec/system/03_finishing_touches_spec.rb:341:in `block (3 levels) in <main>'[0m

  27) [STEP3] 仕上げのテスト グリッドシステムのテスト: container, row, col-md-〇を正しく使えている 投稿一覧画面
      [31mFailure/Error: is_expected.to have_selector '.container .row .col-md-8.offset-md-1'[0m
      [31m  expected to find css ".container .row .col-md-8.offset-md-1" but there were no matches[0m
      [36m# ./spec/system/03_finishing_touches_spec.rb:346:in `block (3 levels) in <main>'[0m

  28) [STEP3] 仕上げのテスト グリッドシステムのテスト: container, row, col-md-〇を正しく使えている 投稿詳細画面
      [31mFailure/Error: is_expected.to have_selector '.container .row .col-md-3'[0m
      [31m  expected to find css ".container .row .col-md-3" but there were no matches[0m
      [36m# ./spec/system/03_finishing_touches_spec.rb:350:in `block (3 levels) in <main>'[0m

  29) [STEP3] 仕上げのテスト アイコンのテスト アバウト画面 本のアイコンが表示される
      [31mFailure/Error: visit '/home/about'[0m
      [31m[0m
      [31mActionController::RoutingError:[0m
      [31m  No route matches [GET] "/home/about"[0m
      [36m# ./spec/system/03_finishing_touches_spec.rb:372:in `block (4 levels) in <main>'[0m

  30) [STEP3] 仕上げのテスト アイコンのテスト サイドバー 投稿詳細画面でレンチアイコンが表示される
      [31mFailure/Error: is_expected.to have_selector '.fa-solid.fa-user-gear, .fa-solid.fa-user-cog, .fas.fa-user-cog'[0m
      [31m  expected to find css ".fa-solid.fa-user-gear, .fa-solid.fa-user-cog, .fas.fa-user-cog" but there were no matches[0m
      [36m# ./spec/system/03_finishing_touches_spec.rb:449:in `block (4 levels) in <main>'[0m

Finished in 22.55 seconds (files took 1.58 seconds to load)
[31m201 examples, 30 failures[0m

Failed examples:

[31mrspec ./spec/system/01_before_login_spec.rb:38[0m [36m# [STEP1] ユーザログイン前のテスト アバウト画面のテスト 表示内容の確認 URLが正しい[0m
[31mrspec ./spec/system/01_before_login_spec.rb:82[0m [36m# [STEP1] ユーザログイン前のテスト ヘッダーのテスト: ログインしていない場合 リンクの内容を確認 Homeを押すと、トップ画面に遷移する[0m
[31mrspec ./spec/system/01_before_login_spec.rb:89[0m [36m# [STEP1] ユーザログイン前のテスト ヘッダーのテスト: ログインしていない場合 リンクの内容を確認 Aboutを押すと、アバウト画面に遷移する[0m
[31mrspec ./spec/system/01_before_login_spec.rb:147[0m [36m# [STEP1] ユーザログイン前のテスト ユーザ新規登録のテスト 新規登録成功のテスト 正しく新規登録される[0m
[31mrspec ./spec/system/01_before_login_spec.rb:150[0m [36m# [STEP1] ユーザログイン前のテスト ユーザ新規登録のテスト 新規登録成功のテスト 新規登録後のリダイレクト先が、新規登録できたユーザの詳細画面になっている[0m
[31mrspec ./spec/system/01_before_login_spec.rb:192[0m [36m# [STEP1] ユーザログイン前のテスト ユーザログイン ログイン成功のテスト ログイン後のリダイレクト先が、ログインしたユーザの詳細画面になっている[0m
[31mrspec ./spec/system/01_before_login_spec.rb:258[0m [36m# [STEP1] ユーザログイン前のテスト ユーザログアウトのテスト ログアウト機能のテスト 正しくログアウトできている: ログアウト後のリダイレクト先においてAbout画面へのリンクが存在する[0m
[31mrspec ./spec/system/02_after_login_spec.rb:50[0m [36m# [STEP2] ユーザログイン後のテスト 投稿一覧画面のテスト 表示内容の確認 自分と他人の画像のリンク先が正しい[0m
[31mrspec ./spec/system/02_after_login_spec.rb:142[0m [36m# [STEP2] ユーザログイン後のテスト 自分の投稿詳細画面のテスト サイドバーの確認 自分のユーザ編集画面へのリンクが存在する[0m
[31mrspec ./spec/system/02_after_login_spec.rb:171[0m [36m# [STEP2] ユーザログイン後のテスト 自分の投稿詳細画面のテスト 投稿成功のテスト 自分の新しい投稿が正しく保存される[0m
[31mrspec ./spec/system/02_after_login_spec.rb:221[0m [36m# [STEP2] ユーザログイン後のテスト 自分の投稿編集画面のテスト 表示の確認 「Editing Book」と表示される[0m
[31mrspec ./spec/system/03_finishing_touches_spec.rb:12[0m [36m# [STEP3] 仕上げのテスト サクセスメッセージのテスト ユーザ新規登録成功時[0m
[31mrspec ./spec/system/03_finishing_touches_spec.rb:84[0m [36m# [STEP3] 仕上げのテスト 処理失敗時のテスト ユーザ新規登録失敗: nameを1文字にする 新規登録画面を表示しており、フォームの内容が正しい[0m
[31mrspec ./spec/system/03_finishing_touches_spec.rb:170[0m [36m# [STEP3] 仕上げのテスト 処理失敗時のテスト 投稿データの更新失敗: titleを空にする エラーメッセージが表示される[0m
[31mrspec ./spec/system/03_finishing_touches_spec.rb:179[0m [36m# [STEP3] 仕上げのテスト ログインしていない場合のアクセス制限のテスト: アクセスできず、ログイン画面に遷移する ユーザ一覧画面[0m
[31mrspec ./spec/system/03_finishing_touches_spec.rb:183[0m [36m# [STEP3] 仕上げのテスト ログインしていない場合のアクセス制限のテスト: アクセスできず、ログイン画面に遷移する ユーザ詳細画面[0m
[31mrspec ./spec/system/03_finishing_touches_spec.rb:187[0m [36m# [STEP3] 仕上げのテスト ログインしていない場合のアクセス制限のテスト: アクセスできず、ログイン画面に遷移する ユーザ情報編集画面[0m
[31mrspec ./spec/system/03_finishing_touches_spec.rb:191[0m [36m# [STEP3] 仕上げのテスト ログインしていない場合のアクセス制限のテスト: アクセスできず、ログイン画面に遷移する 投稿一覧画面[0m
[31mrspec ./spec/system/03_finishing_touches_spec.rb:195[0m [36m# [STEP3] 仕上げのテスト ログインしていない場合のアクセス制限のテスト: アクセスできず、ログイン画面に遷移する 投稿詳細画面[0m
[31mrspec ./spec/system/03_finishing_touches_spec.rb:199[0m [36m# [STEP3] 仕上げのテスト ログインしていない場合のアクセス制限のテスト: アクセスできず、ログイン画面に遷移する 投稿編集画面[0m
[31mrspec ./spec/system/03_finishing_touches_spec.rb:247[0m [36m# [STEP3] 仕上げのテスト 他人の画面のテスト 他人の投稿詳細画面のテスト サイドバーの確認 他人のユーザ編集画面へのリンクが存在する[0m
[31mrspec ./spec/system/03_finishing_touches_spec.rb:265[0m [36m# [STEP3] 仕上げのテスト 他人の画面のテスト 他人の投稿編集画面 遷移できず、投稿一覧画面にリダイレクトされる[0m
[31mrspec ./spec/system/03_finishing_touches_spec.rb:282[0m [36m# [STEP3] 仕上げのテスト 他人の画面のテスト 他人のユーザ詳細画面のテスト 表示の確認 投稿一覧のユーザ画像のリンク先が正しい[0m
[31mrspec ./spec/system/03_finishing_touches_spec.rb:316[0m [36m# [STEP3] 仕上げのテスト 他人の画面のテスト 他人のユーザ情報編集画面 遷移できず、自分のユーザ詳細画面にリダイレクトされる[0m
[31mrspec ./spec/system/03_finishing_touches_spec.rb:333[0m [36m# [STEP3] 仕上げのテスト グリッドシステムのテスト: container, row, col-md-〇を正しく使えている ユーザ一覧画面[0m
[31mrspec ./spec/system/03_finishing_touches_spec.rb:338[0m [36m# [STEP3] 仕上げのテスト グリッドシステムのテスト: container, row, col-md-〇を正しく使えている ユーザ詳細画面[0m
[31mrspec ./spec/system/03_finishing_touches_spec.rb:343[0m [36m# [STEP3] 仕上げのテスト グリッドシステムのテスト: container, row, col-md-〇を正しく使えている 投稿一覧画面[0m
[31mrspec ./spec/system/03_finishing_touches_spec.rb:348[0m [36m# [STEP3] 仕上げのテスト グリッドシステムのテスト: container, row, col-md-〇を正しく使えている 投稿詳細画面[0m
[31mrspec ./spec/system/03_finishing_touches_spec.rb:375[0m [36m# [STEP3] 仕上げのテスト アイコンのテスト アバウト画面 本のアイコンが表示される[0m
[31mrspec ./spec/system/03_finishing_touches_spec.rb:447[0m [36m# [STEP3] 仕上げのテスト アイコンのテスト サイドバー 投稿詳細画面でレンチアイコンが表示される[0m

